[2025-01-04T23:46:15+05:30] File Deletion: Deleted file new_file.txt
[2025-01-04T23:46:15+05:30] File Creation: Created file new_file.txt
[2025-01-04T23:46:15+05:30] Navigation: Navigated to /home/user/docs
[2025-01-04T23:46:15+05:30] File Modification: Modified file new_file.txt
[2025-01-04T23:49:58+05:30] File Creation: Created file new_file.txt
[2025-01-04T23:49:58+05:30] Undo: Undoing: Create file new_file.txt
[2025-01-04T23:49:58+05:30] File Deletion: Deleted file new_file.txt
[2025-01-04T23:49:58+05:30] File Deletion: Deleted file new_file.txt
[2025-01-04T23:49:58+05:30] Navigation: Navigated to /home/user/docs
[2025-01-04T23:49:58+05:30] File Modification: Modified file new_file.txt
[2025-01-04T23:51:07+05:30] File Creation: Created file new_file.txt
[2025-01-04T23:51:07+05:30] Navigation: Navigated to /home/user/docs
[2025-01-04T23:51:07+05:30] File Modification: Modified file new_file.txt
[2025-01-04T23:51:07+05:30] Undo: Undoing: Modify file new_file.txt
[2025-01-04T23:51:07+05:30] File Deletion: Deleted file new_file.txt
[2025-01-04T23:51:11+05:30] File Creation: Created file new_file.txt
[2025-01-04T23:51:11+05:30] Navigation: Navigated to /home/user/docs
[2025-01-04T23:51:11+05:30] File Modification: Modified file new_file.txt
[2025-01-04T23:51:11+05:30] File Deletion: Deleted file new_file.txt
[2025-01-04T23:51:11+05:30] Undo: Undoing: Delete file new_file.txt
[2025-01-04T23:51:17+05:30] File Creation: Created file new_file.txt
[2025-01-04T23:51:17+05:30] File Modification: Modified file new_file.txt
[2025-01-04T23:51:17+05:30] Navigation: Navigated to /home/user/docs
[2025-01-04T23:51:17+05:30] File Deletion: Deleted file new_file.txt
[2025-01-04T23:51:17+05:30] Undo: Undoing: Delete file new_file.txt
[2025-01-04T23:51:20+05:30] Navigation: Navigated to /home/user/docs
[2025-01-04T23:51:20+05:30] File Creation: Created file new_file.txt
[2025-01-04T23:51:20+05:30] File Deletion: Deleted file new_file.txt
[2025-01-04T23:51:20+05:30] File Modification: Modified file new_file.txt
[2025-01-04T23:51:20+05:30] Undo: Undoing: Modify file new_file.txt
[2025-01-04T23:51:50+05:30] File Deletion: Deleted file new_file.txt
[2025-01-04T23:51:50+05:30] File Creation: Created file new_file.txt
[2025-01-04T23:51:50+05:30] Navigation: Navigated to /home/user/docs
[2025-01-04T23:51:50+05:30] File Modification: Modified file new_file.txt
[2025-01-04T23:51:52+05:30] File Modification: Modified file new_file.txt
[2025-01-04T23:51:52+05:30] File Creation: Created file new_file.txt
[2025-01-04T23:51:52+05:30] File Deletion: Deleted file new_file.txt
[2025-01-04T23:51:52+05:30] Navigation: Navigated to /home/user/docs
[2025-01-04T23:51:52+05:30] Undo: Undoing: Navigate to /home/user/docs
[2025-01-04T23:51:59+05:30] Navigation: Navigated to /home/user/docs
[2025-01-04T23:51:59+05:30] File Creation: Created file new_file.txt
[2025-01-04T23:51:59+05:30] File Modification: Modified file new_file.txt
[2025-01-04T23:51:59+05:30] File Deletion: Deleted file new_file.txt
[2025-01-04T23:51:59+05:30] Undo: Undoing: Delete file new_file.txt
[2025-01-05T00:02:10+05:30] File Deletion: Deleted file new_file.txt
[2025-01-05T00:02:10+05:30] Navigation: Navigated to /home/user/docs
[2025-01-05T00:02:10+05:30] File Creation: Created file new_file.txt
[2025-01-05T00:02:10+05:30] File Modification: Modified file new_file.txt
[2025-01-05T00:02:17+05:30] File Deletion: Deleted file new_file.txt
[2025-01-05T00:02:17+05:30] Navigation: Navigated to /home/user/docs
[2025-01-05T00:02:17+05:30] File Creation: Created file new_file.txt
[2025-01-05T00:02:17+05:30] File Modification: Modified file new_file.txt
[2025-01-05T00:02:20+05:30] File Deletion: Deleted file new_file.txt
[2025-01-05T00:02:20+05:30] Navigation: Navigated to /home/user/docs
[2025-01-05T00:02:20+05:30] File Modification: Modified file new_file.txt
[2025-01-05T00:02:20+05:30] Undo: Undoing: Modify file new_file.txt
[2025-01-05T00:02:20+05:30] File Creation: Created file new_file.txt
[2025-01-05T00:02:20+05:30] Undo: Undoing: Create file new_file.txt
[2025-01-05T00:02:20+05:30] File Deletion: Deleted file new_file.txt
[2025-01-05T00:02:23+05:30] Navigation: Navigated to /home/user/docs
[2025-01-05T00:02:23+05:30] File Deletion: Deleted file new_file.txt
[2025-01-05T00:02:23+05:30] File Modification: Modified file new_file.txt
[2025-01-05T00:02:23+05:30] Undo: Undoing: Modify file new_file.txt
[2025-01-05T00:02:23+05:30] Undo: Undoing: Delete file new_file.txt
[2025-01-05T00:02:23+05:30] File Creation: Created file new_file.txt
[2025-01-05T00:02:23+05:30] File Creation: Created file new_file.txt
[2025-01-05T00:02:25+05:30] File Creation: Created file new_file.txt
[2025-01-05T00:02:25+05:30] Navigation: Navigated to /home/user/docs
[2025-01-05T00:02:25+05:30] File Deletion: Deleted file new_file.txt
[2025-01-05T00:02:25+05:30] File Modification: Modified file new_file.txt
[2025-01-05T00:02:25+05:30] Undo: Undoing: Modify file new_file.txt
[2025-01-05T00:02:25+05:30] Undo: Undoing: Delete file new_file.txt
[2025-01-05T00:02:25+05:30] File Creation: Created file new_file.txt
