{"file_name":"audit_trail.log","mod_time":"2025-01-01T23:30:50.8538595+05:30","action":"Modified"}
{"file_name":"audittrail.txt","mod_time":"2025-01-01T23:25:31.2149871+05:30","action":"Modified"}
{"file_name":"sample.txt","mod_time":"2025-01-01T23:25:29.1555383+05:30","action":"Modified"}
{"file_name":"turn1_modelA.go","mod_time":"2025-01-01T22:56:00.9085939+05:30","action":"Modified"}
{"file_name":"turn1_modelB.go","mod_time":"2025-01-01T23:01:13.5713242+05:30","action":"Modified"}
{"file_name":"turn2_modelA.go","mod_time":"2025-01-01T23:21:15.005352+05:30","action":"Modified"}
{"file_name":"turn2_modelB.go","mod_time":"2025-01-01T23:30:23.941175+05:30","action":"Modified"}
{"file_name":"audit_trail.log","mod_time":"2025-01-01T23:30:50.8538595+05:30","action":"Modified"}
{"file_name":"audittrail.txt","mod_time":"2025-01-01T23:25:31.2149871+05:30","action":"Modified"}
{"file_name":"sample.txt","mod_time":"2025-01-01T23:30:57.3365019+05:30","action":"Modified"}
{"file_name":"turn1_modelA.go","mod_time":"2025-01-01T22:56:00.9085939+05:30","action":"Modified"}
{"file_name":"turn1_modelB.go","mod_time":"2025-01-01T23:01:13.5713242+05:30","action":"Modified"}
{"file_name":"turn2_modelA.go","mod_time":"2025-01-01T23:21:15.005352+05:30","action":"Modified"}
{"file_name":"turn2_modelB.go","mod_time":"2025-01-01T23:30:23.941175+05:30","action":"Modified"}
{"file_name":"audit_trail.log","mod_time":"2025-01-01T23:30:50.8538595+05:30","action":"Modified"}
{"file_name":"audittrail.txt","mod_time":"2025-01-01T23:25:31.2149871+05:30","action":"Modified"}
{"file_name":"sample.txt","mod_time":"2025-01-01T23:30:57.3365019+05:30","action":"Modified"}
{"file_name":"turn1_modelA.go","mod_time":"2025-01-01T22:56:00.9085939+05:30","action":"Modified"}
{"file_name":"turn1_modelB.go","mod_time":"2025-01-01T23:01:13.5713242+05:30","action":"Modified"}
{"file_name":"turn2_modelA.go","mod_time":"2025-01-01T23:21:15.005352+05:30","action":"Modified"}
{"file_name":"turn2_modelB.go","mod_time":"2025-01-01T23:30:23.941175+05:30","action":"Modified"}
{"file_name":"audit_trail.log","mod_time":"2025-01-01T23:30:50.8538595+05:30","action":"Modified"}
{"file_name":"audittrail.txt","mod_time":"2025-01-01T23:25:31.2149871+05:30","action":"Modified"}
{"file_name":"sample.txt","mod_time":"2025-01-01T23:30:57.3365019+05:30","action":"Modified"}
{"file_name":"turn1_modelA.go","mod_time":"2025-01-01T22:56:00.9085939+05:30","action":"Modified"}
{"file_name":"turn1_modelB.go","mod_time":"2025-01-01T23:01:13.5713242+05:30","action":"Modified"}
{"file_name":"turn2_modelA.go","mod_time":"2025-01-01T23:21:15.005352+05:30","action":"Modified"}
{"file_name":"turn2_modelB.go","mod_time":"2025-01-01T23:30:23.941175+05:30","action":"Modified"}
